<?xml version="1.0" encoding="UTF-8" standalone="yes"?>
<ns2:test-suite start="1537153051286" stop="1537153170849" version="1.5.2" xmlns:ns2="urn:model.allure.qatools.yandex.ru">
    <name>Default Suite : WebDriverq</name>
    <title>Default Suite : WebDriverq</title>
    <test-cases>
        <test-case start="1537153078771" stop="1537153107270" status="passed">
            <name>test</name>
            <steps/>
            <attachments/>
            <labels>
                <label name="testSuite" value="Default Suite"/>
                <label name="testGroup" value="WebDriverq"/>
                <label name="testClass" value="gbckTest.caigouTest"/>
                <label name="testMethod" value="test"/>
                <label name="host" value="DESKTOP-1KEC5HB"/>
                <label name="thread" value="9636@DESKTOP-1KEC5HB.main(1)"/>
            </labels>
        </test-case>
        <test-case start="1537153107276" stop="1537153147213" status="passed">
            <name>tianjiashangpin</name>
            <steps/>
            <attachments/>
            <labels>
                <label name="testSuite" value="Default Suite"/>
                <label name="testGroup" value="WebDriverq"/>
                <label name="testClass" value="gbckTest.sizeyouhuiquanTest"/>
                <label name="testMethod" value="tianjiashangpin"/>
                <label name="host" value="DESKTOP-1KEC5HB"/>
                <label name="thread" value="9636@DESKTOP-1KEC5HB.main(1)"/>
            </labels>
        </test-case>
        <test-case start="1537153147218" stop="1537153168926" status="failed">
            <name>testsuit</name>
            <failure>
                <message>AssertionError: expected [隔壁仓库 V1.1.2 - 会员添加] but found [隔壁仓库 V1.1.2 - 会员列表]</message>
                <stack-trace>java.lang.AssertionError: expected [隔壁仓库 V1.1.2 - 会员添加] but found [隔壁仓库 V1.1.2 - 会员列表]
	at org.testng.Assert.fail(Assert.java:94)
	at org.testng.Assert.failNotEquals(Assert.java:496)
	at org.testng.Assert.assertEquals(Assert.java:125)
	at org.testng.Assert.assertEquals(Assert.java:178)
	at org.testng.Assert.assertEquals(Assert.java:188)
	at gbckTest.vipaddTest.testsuit(vipaddTest.java:47)
	at sun.reflect.NativeMethodAccessorImpl.invoke0(Native Method)
	at sun.reflect.NativeMethodAccessorImpl.invoke(NativeMethodAccessorImpl.java:62)
	at sun.reflect.DelegatingMethodAccessorImpl.invoke(DelegatingMethodAccessorImpl.java:43)
	at java.lang.reflect.Method.invoke(Method.java:498)
	at org.testng.internal.MethodInvocationHelper.invokeMethod(MethodInvocationHelper.java:85)
	at org.testng.internal.Invoker.invokeMethod(Invoker.java:639)
	at org.testng.internal.Invoker.invokeTestMethod(Invoker.java:816)
	at org.testng.internal.Invoker.invokeTestMethods(Invoker.java:1124)
	at org.testng.internal.TestMethodWorker.invokeTestMethods(TestMethodWorker.java:125)
	at org.testng.internal.TestMethodWorker.run(TestMethodWorker.java:108)
	at org.testng.TestRunner.privateRun(TestRunner.java:774)
	at org.testng.TestRunner.run(TestRunner.java:624)
	at org.testng.SuiteRunner.runTest(SuiteRunner.java:359)
	at org.testng.SuiteRunner.runSequentially(SuiteRunner.java:354)
	at org.testng.SuiteRunner.privateRun(SuiteRunner.java:312)
	at org.testng.SuiteRunner.run(SuiteRunner.java:261)
	at org.testng.SuiteRunnerWorker.runSuite(SuiteRunnerWorker.java:52)
	at org.testng.SuiteRunnerWorker.run(SuiteRunnerWorker.java:86)
	at org.testng.TestNG.runSuitesSequentially(TestNG.java:1191)
	at org.testng.TestNG.runSuitesLocally(TestNG.java:1116)
	at org.testng.TestNG.run(TestNG.java:1024)
	at org.testng.IDEARemoteTestNG.run(IDEARemoteTestNG.java:72)
	at org.testng.RemoteTestNGStarter.main(RemoteTestNGStarter.java:123)
</stack-trace>
            </failure>
            <steps/>
            <attachments/>
            <labels>
                <label name="testSuite" value="Default Suite"/>
                <label name="testGroup" value="WebDriverq"/>
                <label name="testClass" value="gbckTest.vipaddTest"/>
                <label name="testMethod" value="testsuit"/>
                <label name="host" value="DESKTOP-1KEC5HB"/>
                <label name="thread" value="9636@DESKTOP-1KEC5HB.main(1)"/>
            </labels>
        </test-case>
    </test-cases>
    <labels>
        <label name="framework" value="TestNG"/>
        <label name="language" value="JAVA"/>
    </labels>
</ns2:test-suite>
