{"uuid":"9ee75aca-e832-4703-ac2d-c08f24db3015","historyId":"4fddadc1bcf3e0bb3a5f7506d88fe89","fullName":"gbckTest.pandianTest.pandian","labels":[{"name":"package","value":"gbckTest.pandianTest"},{"name":"testClass","value":"gbckTest.pandianTest"},{"name":"testMethod","value":"pandian"},{"name":"parentSuite","value":"Default Suite"},{"name":"suite","value":"WebDriverq"},{"name":"subSuite","value":"gbckTest.pandianTest"},{"name":"host","value":"DESKTOP-1KEC5HB"},{"name":"thread","value":"8576@DESKTOP-1KEC5HB.main(1)"}],"links":[],"name":"pandian","status":"broken","statusDetails":{"known":false,"muted":false,"flaky":false,"message":"Unable to locate element: {\"method\":\"name\",\"selector\":\"items[0].diffReason\"}\nCommand duration or timeout: 209 milliseconds\nFor documentation on this error, please visit: http://seleniumhq.org/exceptions/no_such_element.html\nBuild info: version: '2.44.0', revision: '76d78cf323ce037c5f92db6c1bba601c2ac43ad8', time: '2014-10-23 13:11:40'\nSystem info: host: 'DESKTOP-1KEC5HB', ip: '192.168.174.1', os.name: 'Windows 10', os.arch: 'amd64', os.version: '10.0', java.version: '1.8.0_181'\nDriver info: org.openqa.selenium.firefox.FirefoxDriver\nCapabilities [{applicationCacheEnabled=true, rotatable=false, handlesAlerts=true, databaseEnabled=true, version=33.0.2, platform=WINDOWS, nativeEvents=true, acceptSslCerts=true, webStorageEnabled=true, locationContextEnabled=true, browserName=firefox, takesScreenshot=true, javascriptEnabled=true, cssSelectorsEnabled=true}]\nSession ID: 1af23600-e75b-4a41-bfa7-f01bb48679c0","trace":"org.openqa.selenium.NoSuchElementException: Unable to locate element: {\"method\":\"name\",\"selector\":\"items[0].diffReason\"}\nCommand duration or timeout: 209 milliseconds\nFor documentation on this error, please visit: http://seleniumhq.org/exceptions/no_such_element.html\nBuild info: version: '2.44.0', revision: '76d78cf323ce037c5f92db6c1bba601c2ac43ad8', time: '2014-10-23 13:11:40'\nSystem info: host: 'DESKTOP-1KEC5HB', ip: '192.168.174.1', os.name: 'Windows 10', os.arch: 'amd64', os.version: '10.0', java.version: '1.8.0_181'\nDriver info: org.openqa.selenium.firefox.FirefoxDriver\nCapabilities [{applicationCacheEnabled=true, rotatable=false, handlesAlerts=true, databaseEnabled=true, version=33.0.2, platform=WINDOWS, nativeEvents=true, acceptSslCerts=true, webStorageEnabled=true, locationContextEnabled=true, browserName=firefox, takesScreenshot=true, javascriptEnabled=true, cssSelectorsEnabled=true}]\nSession ID: 1af23600-e75b-4a41-bfa7-f01bb48679c0\r\n\tat sun.reflect.NativeConstructorAccessorImpl.newInstance0(Native Method)\r\n\tat sun.reflect.NativeConstructorAccessorImpl.newInstance(NativeConstructorAccessorImpl.java:62)\r\n\tat sun.reflect.DelegatingConstructorAccessorImpl.newInstance(DelegatingConstructorAccessorImpl.java:45)\r\n\tat java.lang.reflect.Constructor.newInstance(Constructor.java:423)\r\n\tat org.openqa.selenium.remote.ErrorHandler.createThrowable(ErrorHandler.java:204)\r\n\tat org.openqa.selenium.remote.ErrorHandler.throwIfResponseFailed(ErrorHandler.java:156)\r\n\tat org.openqa.selenium.remote.RemoteWebDriver.execute(RemoteWebDriver.java:599)\r\n\tat org.openqa.selenium.remote.RemoteWebDriver.findElement(RemoteWebDriver.java:352)\r\n\tat org.openqa.selenium.remote.RemoteWebDriver.findElementByName(RemoteWebDriver.java:425)\r\n\tat org.openqa.selenium.By$ByName.findElement(By.java:299)\r\n\tat org.openqa.selenium.remote.RemoteWebDriver.findElement(RemoteWebDriver.java:344)\r\n\tat gbckTest.pandianTest.pandian(pandianTest.java:74)\r\n\tat sun.reflect.NativeMethodAccessorImpl.invoke0(Native Method)\r\n\tat sun.reflect.NativeMethodAccessorImpl.invoke(NativeMethodAccessorImpl.java:62)\r\n\tat sun.reflect.DelegatingMethodAccessorImpl.invoke(DelegatingMethodAccessorImpl.java:43)\r\n\tat java.lang.reflect.Method.invoke(Method.java:498)\r\n\tat org.testng.internal.MethodInvocationHelper.invokeMethod(MethodInvocationHelper.java:85)\r\n\tat org.testng.internal.Invoker.invokeMethod(Invoker.java:639)\r\n\tat org.testng.internal.Invoker.invokeTestMethod(Invoker.java:816)\r\n\tat org.testng.internal.Invoker.invokeTestMethods(Invoker.java:1124)\r\n\tat org.testng.internal.TestMethodWorker.invokeTestMethods(TestMethodWorker.java:125)\r\n\tat org.testng.internal.TestMethodWorker.run(TestMethodWorker.java:108)\r\n\tat org.testng.TestRunner.privateRun(TestRunner.java:774)\r\n\tat org.testng.TestRunner.run(TestRunner.java:624)\r\n\tat org.testng.SuiteRunner.runTest(SuiteRunner.java:359)\r\n\tat org.testng.SuiteRunner.runSequentially(SuiteRunner.java:354)\r\n\tat org.testng.SuiteRunner.privateRun(SuiteRunner.java:312)\r\n\tat org.testng.SuiteRunner.run(SuiteRunner.java:261)\r\n\tat org.testng.SuiteRunnerWorker.runSuite(SuiteRunnerWorker.java:52)\r\n\tat org.testng.SuiteRunnerWorker.run(SuiteRunnerWorker.java:86)\r\n\tat org.testng.TestNG.runSuitesSequentially(TestNG.java:1191)\r\n\tat org.testng.TestNG.runSuitesLocally(TestNG.java:1116)\r\n\tat org.testng.TestNG.run(TestNG.java:1024)\r\n\tat org.testng.IDEARemoteTestNG.run(IDEARemoteTestNG.java:72)\r\n\tat org.testng.RemoteTestNGStarter.main(RemoteTestNGStarter.java:123)\r\nCaused by: org.openqa.selenium.NoSuchElementException: Unable to locate element: {\"method\":\"name\",\"selector\":\"items[0].diffReason\"}\nFor documentation on this error, please visit: http://seleniumhq.org/exceptions/no_such_element.html\nBuild info: version: '2.44.0', revision: '76d78cf323ce037c5f92db6c1bba601c2ac43ad8', time: '2014-10-23 13:11:40'\nSystem info: host: 'DESKTOP-1KEC5HB', ip: '192.168.174.1', os.name: 'Windows 10', os.arch: 'amd64', os.version: '10.0', java.version: '1.8.0_181'\nDriver info: driver.version: unknown\r\n\tat <anonymous class>.FirefoxDriver.prototype.findElementInternal_(file:///C:/Users/18217/AppData/Local/Temp/anonymous8888737854276935487webdriver-profile/extensions/fxdriver@googlecode.com/components/driver-component.js:9641:26)\r\n\tat <anonymous class>.FirefoxDriver.prototype.findElement(file:///C:/Users/18217/AppData/Local/Temp/anonymous8888737854276935487webdriver-profile/extensions/fxdriver@googlecode.com/components/driver-component.js:9650:3)\r\n\tat <anonymous class>.DelayedCommand.prototype.executeInternal_/h(file:///C:/Users/18217/AppData/Local/Temp/anonymous8888737854276935487webdriver-profile/extensions/fxdriver@googlecode.com/components/command-processor.js:11635:16)\r\n\tat <anonymous class>.DelayedCommand.prototype.executeInternal_(file:///C:/Users/18217/AppData/Local/Temp/anonymous8888737854276935487webdriver-profile/extensions/fxdriver@googlecode.com/components/command-processor.js:11640:7)\r\n\tat <anonymous class>.DelayedCommand.prototype.execute/<(file:///C:/Users/18217/AppData/Local/Temp/anonymous8888737854276935487webdriver-profile/extensions/fxdriver@googlecode.com/components/command-processor.js:11582:5)\r\n"},"stage":"finished","start":1537866195576,"stop":1537866259404,"parameters":[]}